<?xml version="1.0" encoding="UTF-8"?>
<testng-results skipped="0" failed="0" ignored="0" total="4" passed="4">
  <reporter-output>
  </reporter-output>
  <suite name="Suite" duration-ms="51023" started-at="2018-09-26T06:51:34Z" finished-at="2018-09-26T06:52:25Z">
    <groups>
    </groups>
    <test name="Test" duration-ms="51023" started-at="2018-09-26T06:51:34Z" finished-at="2018-09-26T06:52:25Z">
      <class name="com.flipkart.testcases.flipkart_TestCases">
        <test-method status="PASS" signature="openBrowser()[pri:0, instance:com.flipkart.testcases.flipkart_TestCases@2663e964]" name="openBrowser" is-config="true" duration-ms="16570" started-at="2018-09-26T06:51:34Z" finished-at="2018-09-26T06:51:50Z">
          <reporter-output>
          </reporter-output>
        </test-method> <!-- openBrowser -->
        <test-method status="PASS" signature="flipkart_Login()[pri:0, instance:com.flipkart.testcases.flipkart_TestCases@2663e964]" name="flipkart_Login" duration-ms="559" started-at="2018-09-26T06:51:50Z" description="Flipkart Login Test Case" finished-at="2018-09-26T06:51:51Z">
          <reporter-output>
          </reporter-output>
        </test-method> <!-- flipkart_Login -->
        <test-method status="PASS" signature="flipkart_homepage()[pri:0, instance:com.flipkart.testcases.flipkart_TestCases@2663e964]" name="flipkart_homepage" duration-ms="18025" started-at="2018-09-26T06:51:51Z" description="Flipkart HomePage Test Case" depends-on-methods="com.flipkart.testcases.flipkart_TestCases.flipkart_Login" finished-at="2018-09-26T06:52:09Z">
          <reporter-output>
          </reporter-output>
        </test-method> <!-- flipkart_homepage -->
        <test-method status="PASS" signature="flipkart_Search()[pri:2, instance:com.flipkart.testcases.flipkart_TestCases@2663e964]" name="flipkart_Search" duration-ms="11228" started-at="2018-09-26T06:52:09Z" description="Flipkart Search Test Case" finished-at="2018-09-26T06:52:20Z">
          <reporter-output>
          </reporter-output>
        </test-method> <!-- flipkart_Search -->
        <test-method status="PASS" signature="flipkart_cartPage()[pri:3, instance:com.flipkart.testcases.flipkart_TestCases@2663e964]" name="flipkart_cartPage" duration-ms="3316" started-at="2018-09-26T06:52:20Z" description="Flipkart Cart Page Test Case" finished-at="2018-09-26T06:52:24Z">
          <reporter-output>
          </reporter-output>
        </test-method> <!-- flipkart_cartPage -->
        <test-method status="PASS" signature="quitDriver()[pri:0, instance:com.flipkart.testcases.flipkart_TestCases@2663e964]" name="quitDriver" is-config="true" duration-ms="1152" started-at="2018-09-26T06:52:24Z" finished-at="2018-09-26T06:52:25Z">
          <reporter-output>
          </reporter-output>
        </test-method> <!-- quitDriver -->
        <test-method status="FAIL" signature="generateReport()[pri:0, instance:com.flipkart.testcases.flipkart_TestCases@2663e964]" name="generateReport" is-config="true" duration-ms="16" started-at="2018-09-26T06:52:25Z" finished-at="2018-09-26T06:52:25Z">
          <exception class="java.lang.NoClassDefFoundError">
            <message>
              <![CDATA[org/automationtesting/excelreport/Xl]]>
            </message>
            <full-stacktrace>
              <![CDATA[java.lang.NoClassDefFoundError: org/automationtesting/excelreport/Xl
at com.flipkart.testcases.flipkart_TestCases.generateReport(flipkart_TestCases.java:190)
at sun.reflect.NativeMethodAccessorImpl.invoke0(Native Method)
at sun.reflect.NativeMethodAccessorImpl.invoke(NativeMethodAccessorImpl.java:62)
at sun.reflect.DelegatingMethodAccessorImpl.invoke(DelegatingMethodAccessorImpl.java:43)
at java.lang.reflect.Method.invoke(Method.java:498)
at org.testng.internal.MethodInvocationHelper.invokeMethod(MethodInvocationHelper.java:124)
at org.testng.internal.MethodInvocationHelper.invokeMethodConsideringTimeout(MethodInvocationHelper.java:59)
at org.testng.internal.Invoker.invokeConfigurationMethod(Invoker.java:458)
at org.testng.internal.Invoker.invokeConfigurations(Invoker.java:222)
at org.testng.internal.Invoker.invokeConfigurations(Invoker.java:142)
at org.testng.SuiteRunner.privateRun(SuiteRunner.java:425)
at org.testng.SuiteRunner.run(SuiteRunner.java:364)
at org.testng.SuiteRunnerWorker.runSuite(SuiteRunnerWorker.java:52)
at org.testng.SuiteRunnerWorker.run(SuiteRunnerWorker.java:84)
at org.testng.TestNG.runSuitesSequentially(TestNG.java:1208)
at org.testng.TestNG.runSuitesLocally(TestNG.java:1137)
at org.testng.TestNG.runSuites(TestNG.java:1049)
at org.testng.TestNG.run(TestNG.java:1017)
at org.apache.maven.surefire.testng.TestNGExecutor.run(TestNGExecutor.java:295)
at org.apache.maven.surefire.testng.TestNGXmlTestSuite.execute(TestNGXmlTestSuite.java:84)
at org.apache.maven.surefire.testng.TestNGProvider.invoke(TestNGProvider.java:90)
at org.apache.maven.surefire.booter.ForkedBooter.invokeProviderInSameClassLoader(ForkedBooter.java:203)
at org.apache.maven.surefire.booter.ForkedBooter.runSuitesInProcess(ForkedBooter.java:155)
at org.apache.maven.surefire.booter.ForkedBooter.main(ForkedBooter.java:103)
Caused by: java.lang.ClassNotFoundException: org.automationtesting.excelreport.Xl
at java.net.URLClassLoader.findClass(URLClassLoader.java:381)
at java.lang.ClassLoader.loadClass(ClassLoader.java:424)
at sun.misc.Launcher$AppClassLoader.loadClass(Launcher.java:349)
at java.lang.ClassLoader.loadClass(ClassLoader.java:357)
... 24 more
]]>
            </full-stacktrace>
          </exception> <!-- java.lang.NoClassDefFoundError -->
          <reporter-output>
          </reporter-output>
        </test-method> <!-- generateReport -->
      </class> <!-- com.flipkart.testcases.flipkart_TestCases -->
    </test> <!-- Test -->
  </suite> <!-- Suite -->
</testng-results>
