<?xml version="1.0" encoding="UTF-8"?>
<testsuite name="TestSuite" time="37.776" tests="5" errors="0" skipped="0" failures="1">
  <properties>
[...]
</properties>
  <testcase name="flipkart_Login" classname="com.flipkart.testcases.flipkart_TestCases" time="0.574"/>
  <testcase name="flipkart_homepage" classname="com.flipkart.testcases.flipkart_TestCases" time="18.035"/>
  <testcase name="flipkart_Search" classname="com.flipkart.testcases.flipkart_TestCases" time="11.233"/>
  <testcase name="flipkart_cartPage" classname="com.flipkart.testcases.flipkart_TestCases" time="3.314"/>
  <testcase name="generateReport" classname="com.flipkart.testcases.flipkart_TestCases" time="4.62">
    <failure message="org/automationtesting/excelreport/Xl" type="java.lang.NoClassDefFoundError">java.lang.NoClassDefFoundError: org/automationtesting/excelreport/Xl
	at java.net.URLClassLoader.findClass(URLClassLoader.java:381)
	at java.lang.ClassLoader.loadClass(ClassLoader.java:424)
	at sun.misc.Launcher$AppClassLoader.loadClass(Launcher.java:349)
	at java.lang.ClassLoader.loadClass(ClassLoader.java:357)
	at com.flipkart.testcases.flipkart_TestCases.generateReport(flipkart_TestCases.java:190)
</failure>
    <system-out><![CDATA[DEBUG   15379   [freemark] (): Couldn't find template in cache for "Extent.ftl"("en_US", UTF-8, parsed); will try to load it.
DEBUG   15379   [freemark] (): TemplateLoader.findTemplateSource("Extent_en_US.ftl"): Not found
DEBUG   15379   [freemark] (): TemplateLoader.findTemplateSource("Extent_en.ftl"): Not found
DEBUG   15379   [freemark] (): TemplateLoader.findTemplateSource("Extent.ftl"): Found
DEBUG   15379   [freemark] (): Loading template for "Extent.ftl"("en_US", UTF-8, parsed) from "jar:file:/C:/Users/gupta.manish/.m2/repository/com/relevantcodes/extentreports/2.41.2/extentreports-2.41.2.jar!/com/relevantcodes/extentreports/view/Extent.ftl"
12:22:25.498 [main] DEBUG io.qameta.allure.AllureLifecycle - Stop test result container f47d57aa-b682-49f1-8cbb-7e18675dc186
12:22:25.498 [main] DEBUG io.qameta.allure.AllureLifecycle - Stop test group f47d57aa-b682-49f1-8cbb-7e18675dc186
12:22:25.509 [main] DEBUG io.qameta.allure.AllureLifecycle - Start test after 66cf72e8-9b5a-49e3-97cb-fc65953d5405 with parent f2b23af1-d0e2-4874-94e9-6ee3e4623e5c
12:22:25.525 [main] DEBUG io.qameta.allure.AllureLifecycle - Stop test before 66cf72e8-9b5a-49e3-97cb-fc65953d5405
]]></system-out>
  </testcase>
</testsuite>