<?xml version="1.0" encoding="UTF-8"?>
<!-- Generated by org.testng.reporters.JUnitXMLReporter -->
<testsuite hostname="Gupta-Manish" ignored="0" name="Test" tests="4" failures="0" timestamp="26 Sep 2018 06:52:25 GMT" time="51.023" errors="0">
  <testcase name="flipkart_Login" time="0.559" classname="com.flipkart.testcases.flipkart_TestCases"/>
  <testcase name="flipkart_homepage" time="18.025" classname="com.flipkart.testcases.flipkart_TestCases"/>
  <testcase name="flipkart_Search" time="11.228" classname="com.flipkart.testcases.flipkart_TestCases"/>
  <testcase name="flipkart_cartPage" time="3.316" classname="com.flipkart.testcases.flipkart_TestCases"/>
</testsuite> <!-- Test -->
