<?xml version="1.0" encoding="UTF-8"?>
<!-- Generated by org.testng.reporters.JUnitXMLReporter -->
<testsuite hostname="Gupta-Manish" ignored="0" name="Default test" tests="4" failures="0" timestamp="24 Sep 2018 07:33:51 GMT" time="74.71" errors="0">
  <testcase name="flipkart_Login" time="1.181" classname="com.flipkart.testcases.flipkart_TestCases"/>
  <testcase name="flipkart_homepage" time="29.467" classname="com.flipkart.testcases.flipkart_TestCases"/>
  <testcase name="flipkart_Search" time="21.666" classname="com.flipkart.testcases.flipkart_TestCases"/>
  <testcase name="flipkart_cartPage" time="3.732" classname="com.flipkart.testcases.flipkart_TestCases"/>
</testsuite> <!-- Default test -->
